
File	/sdat3/KurokawaLab/higashi/lecture/HiC/analysis/build_matrix/SRR5168118_100kb.h5		
Pairs considered	18063305		
Min rest. site distance	300		
Max library insert size	1000		

#	count	(percentage w.r.t. total sequenced reads)
Pairs mappable, unique and high quality	11261377	(62.34)
Pairs used	8200825	(45.40)
One mate unmapped	2924924	(16.19)
One mate not unique	2207086	(12.22)
One mate low quality	1669918	(9.24)

#	count	(percentage w.r.t. mappable, unique and high quality pairs)
dangling end	51	(0.00)
self ligation (removed)	0	(0.00)
One mate not close to rest site	0	(0.00)
same fragment	2792999	(24.80)
self circle	0	(0.00)
duplicated pairs	267502	(2.38)

#	count	(percentage w.r.t. total valid pairs used)
inter chromosomal	1971184	(24.04)
short range < 20kb	1043969	(12.73)
long range	5185672	(63.23)
inward pairs	1521632	(18.55)
outward pairs	1598056	(19.49)
left pairs	1557730	(18.99)
right pairs	1552223	(18.93)
